<?xml version="1.0" encoding="UTF-8"?>
<testsuite xmlns:xsi="http://www.w3.org/2001/XMLSchema-instance" xsi:noNamespaceSchemaLocation="https://maven.apache.org/surefire/maven-surefire-plugin/xsd/surefire-test-report.xsd" version="3.0.2" name="edu.tcu.cs.frogcrewbackend.game.GameScheduleControllerTest" time="1.65" tests="4" errors="0" skipped="0" failures="0">
  <properties>
    <property name="java.specification.version" value="24"/>
    <property name="sun.jnu.encoding" value="UTF-8"/>
    <property name="java.class.path" value="/Users/doankhoa/FrogCrew/backend/target/test-classes:/Users/doankhoa/FrogCrew/backend/target/classes:/Users/doankhoa/.m2/repository/org/springframework/boot/spring-boot-starter-web/3.4.4/spring-boot-starter-web-3.4.4.jar:/Users/doankhoa/.m2/repository/org/springframework/boot/spring-boot-starter/3.4.4/spring-boot-starter-3.4.4.jar:/Users/doankhoa/.m2/repository/org/springframework/boot/spring-boot-starter-logging/3.4.4/spring-boot-starter-logging-3.4.4.jar:/Users/doankhoa/.m2/repository/ch/qos/logback/logback-classic/1.5.18/logback-classic-1.5.18.jar:/Users/doankhoa/.m2/repository/ch/qos/logback/logback-core/1.5.18/logback-core-1.5.18.jar:/Users/doankhoa/.m2/repository/org/apache/logging/log4j/log4j-to-slf4j/2.24.3/log4j-to-slf4j-2.24.3.jar:/Users/doankhoa/.m2/repository/org/apache/logging/log4j/log4j-api/2.24.3/log4j-api-2.24.3.jar:/Users/doankhoa/.m2/repository/org/slf4j/jul-to-slf4j/2.0.17/jul-to-slf4j-2.0.17.jar:/Users/doankhoa/.m2/repository/jakarta/annotation/jakarta.annotation-api/2.1.1/jakarta.annotation-api-2.1.1.jar:/Users/doankhoa/.m2/repository/org/yaml/snakeyaml/2.3/snakeyaml-2.3.jar:/Users/doankhoa/.m2/repository/org/springframework/boot/spring-boot-starter-json/3.4.4/spring-boot-starter-json-3.4.4.jar:/Users/doankhoa/.m2/repository/com/fasterxml/jackson/core/jackson-databind/2.18.3/jackson-databind-2.18.3.jar:/Users/doankhoa/.m2/repository/com/fasterxml/jackson/core/jackson-annotations/2.18.3/jackson-annotations-2.18.3.jar:/Users/doankhoa/.m2/repository/com/fasterxml/jackson/core/jackson-core/2.18.3/jackson-core-2.18.3.jar:/Users/doankhoa/.m2/repository/com/fasterxml/jackson/datatype/jackson-datatype-jdk8/2.18.3/jackson-datatype-jdk8-2.18.3.jar:/Users/doankhoa/.m2/repository/com/fasterxml/jackson/datatype/jackson-datatype-jsr310/2.18.3/jackson-datatype-jsr310-2.18.3.jar:/Users/doankhoa/.m2/repository/com/fasterxml/jackson/module/jackson-module-parameter-names/2.18.3/jackson-module-parameter-names-2.18.3.jar:/Users/doankhoa/.m2/repository/org/springframework/boot/spring-boot-starter-tomcat/3.4.4/spring-boot-starter-tomcat-3.4.4.jar:/Users/doankhoa/.m2/repository/org/apache/tomcat/embed/tomcat-embed-core/10.1.39/tomcat-embed-core-10.1.39.jar:/Users/doankhoa/.m2/repository/org/apache/tomcat/embed/tomcat-embed-websocket/10.1.39/tomcat-embed-websocket-10.1.39.jar:/Users/doankhoa/.m2/repository/org/springframework/spring-web/6.2.5/spring-web-6.2.5.jar:/Users/doankhoa/.m2/repository/org/springframework/spring-beans/6.2.5/spring-beans-6.2.5.jar:/Users/doankhoa/.m2/repository/io/micrometer/micrometer-observation/1.14.5/micrometer-observation-1.14.5.jar:/Users/doankhoa/.m2/repository/io/micrometer/micrometer-commons/1.14.5/micrometer-commons-1.14.5.jar:/Users/doankhoa/.m2/repository/org/springframework/spring-webmvc/6.2.5/spring-webmvc-6.2.5.jar:/Users/doankhoa/.m2/repository/org/springframework/spring-context/6.2.5/spring-context-6.2.5.jar:/Users/doankhoa/.m2/repository/org/springframework/spring-expression/6.2.5/spring-expression-6.2.5.jar:/Users/doankhoa/.m2/repository/org/springframework/boot/spring-boot-devtools/3.4.4/spring-boot-devtools-3.4.4.jar:/Users/doankhoa/.m2/repository/org/springframework/boot/spring-boot/3.4.4/spring-boot-3.4.4.jar:/Users/doankhoa/.m2/repository/org/springframework/boot/spring-boot-autoconfigure/3.4.4/spring-boot-autoconfigure-3.4.4.jar:/Users/doankhoa/.m2/repository/com/h2database/h2/2.3.232/h2-2.3.232.jar:/Users/doankhoa/.m2/repository/org/springframework/boot/spring-boot-starter-test/3.4.4/spring-boot-starter-test-3.4.4.jar:/Users/doankhoa/.m2/repository/org/springframework/boot/spring-boot-test/3.4.4/spring-boot-test-3.4.4.jar:/Users/doankhoa/.m2/repository/org/springframework/boot/spring-boot-test-autoconfigure/3.4.4/spring-boot-test-autoconfigure-3.4.4.jar:/Users/doankhoa/.m2/repository/com/jayway/jsonpath/json-path/2.9.0/json-path-2.9.0.jar:/Users/doankhoa/.m2/repository/org/slf4j/slf4j-api/2.0.17/slf4j-api-2.0.17.jar:/Users/doankhoa/.m2/repository/jakarta/xml/bind/jakarta.xml.bind-api/4.0.2/jakarta.xml.bind-api-4.0.2.jar:/Users/doankhoa/.m2/repository/jakarta/activation/jakarta.activation-api/2.1.3/jakarta.activation-api-2.1.3.jar:/Users/doankhoa/.m2/repository/net/minidev/json-smart/2.5.2/json-smart-2.5.2.jar:/Users/doankhoa/.m2/repository/net/minidev/accessors-smart/2.5.2/accessors-smart-2.5.2.jar:/Users/doankhoa/.m2/repository/org/ow2/asm/asm/9.7.1/asm-9.7.1.jar:/Users/doankhoa/.m2/repository/org/assertj/assertj-core/3.26.3/assertj-core-3.26.3.jar:/Users/doankhoa/.m2/repository/net/bytebuddy/byte-buddy/1.15.11/byte-buddy-1.15.11.jar:/Users/doankhoa/.m2/repository/org/awaitility/awaitility/4.2.2/awaitility-4.2.2.jar:/Users/doankhoa/.m2/repository/org/hamcrest/hamcrest/2.2/hamcrest-2.2.jar:/Users/doankhoa/.m2/repository/org/junit/jupiter/junit-jupiter/5.11.4/junit-jupiter-5.11.4.jar:/Users/doankhoa/.m2/repository/org/junit/jupiter/junit-jupiter-api/5.11.4/junit-jupiter-api-5.11.4.jar:/Users/doankhoa/.m2/repository/org/opentest4j/opentest4j/1.3.0/opentest4j-1.3.0.jar:/Users/doankhoa/.m2/repository/org/junit/platform/junit-platform-commons/1.11.4/junit-platform-commons-1.11.4.jar:/Users/doankhoa/.m2/repository/org/apiguardian/apiguardian-api/1.1.2/apiguardian-api-1.1.2.jar:/Users/doankhoa/.m2/repository/org/junit/jupiter/junit-jupiter-params/5.11.4/junit-jupiter-params-5.11.4.jar:/Users/doankhoa/.m2/repository/org/junit/jupiter/junit-jupiter-engine/5.11.4/junit-jupiter-engine-5.11.4.jar:/Users/doankhoa/.m2/repository/org/junit/platform/junit-platform-engine/1.11.4/junit-platform-engine-1.11.4.jar:/Users/doankhoa/.m2/repository/org/mockito/mockito-core/5.14.2/mockito-core-5.14.2.jar:/Users/doankhoa/.m2/repository/net/bytebuddy/byte-buddy-agent/1.15.11/byte-buddy-agent-1.15.11.jar:/Users/doankhoa/.m2/repository/org/objenesis/objenesis/3.3/objenesis-3.3.jar:/Users/doankhoa/.m2/repository/org/mockito/mockito-junit-jupiter/5.14.2/mockito-junit-jupiter-5.14.2.jar:/Users/doankhoa/.m2/repository/org/skyscreamer/jsonassert/1.5.3/jsonassert-1.5.3.jar:/Users/doankhoa/.m2/repository/com/vaadin/external/google/android-json/0.0.20131108.vaadin1/android-json-0.0.20131108.vaadin1.jar:/Users/doankhoa/.m2/repository/org/springframework/spring-core/6.2.5/spring-core-6.2.5.jar:/Users/doankhoa/.m2/repository/org/springframework/spring-jcl/6.2.5/spring-jcl-6.2.5.jar:/Users/doankhoa/.m2/repository/org/springframework/spring-test/6.2.5/spring-test-6.2.5.jar:/Users/doankhoa/.m2/repository/org/xmlunit/xmlunit-core/2.10.0/xmlunit-core-2.10.0.jar:/Users/doankhoa/.m2/repository/org/springframework/boot/spring-boot-starter-validation/3.4.4/spring-boot-starter-validation-3.4.4.jar:/Users/doankhoa/.m2/repository/org/apache/tomcat/embed/tomcat-embed-el/10.1.39/tomcat-embed-el-10.1.39.jar:/Users/doankhoa/.m2/repository/org/hibernate/validator/hibernate-validator/8.0.2.Final/hibernate-validator-8.0.2.Final.jar:/Users/doankhoa/.m2/repository/jakarta/validation/jakarta.validation-api/3.0.2/jakarta.validation-api-3.0.2.jar:/Users/doankhoa/.m2/repository/org/jboss/logging/jboss-logging/3.6.1.Final/jboss-logging-3.6.1.Final.jar:/Users/doankhoa/.m2/repository/com/fasterxml/classmate/1.7.0/classmate-1.7.0.jar:/Users/doankhoa/.m2/repository/org/springframework/boot/spring-boot-starter-data-jpa/3.4.4/spring-boot-starter-data-jpa-3.4.4.jar:/Users/doankhoa/.m2/repository/org/springframework/boot/spring-boot-starter-jdbc/3.4.4/spring-boot-starter-jdbc-3.4.4.jar:/Users/doankhoa/.m2/repository/com/zaxxer/HikariCP/5.1.0/HikariCP-5.1.0.jar:/Users/doankhoa/.m2/repository/org/springframework/spring-jdbc/6.2.5/spring-jdbc-6.2.5.jar:/Users/doankhoa/.m2/repository/org/hibernate/orm/hibernate-core/6.6.11.Final/hibernate-core-6.6.11.Final.jar:/Users/doankhoa/.m2/repository/jakarta/persistence/jakarta.persistence-api/3.1.0/jakarta.persistence-api-3.1.0.jar:/Users/doankhoa/.m2/repository/jakarta/transaction/jakarta.transaction-api/2.0.1/jakarta.transaction-api-2.0.1.jar:/Users/doankhoa/.m2/repository/org/hibernate/common/hibernate-commons-annotations/7.0.3.Final/hibernate-commons-annotations-7.0.3.Final.jar:/Users/doankhoa/.m2/repository/io/smallrye/jandex/3.2.0/jandex-3.2.0.jar:/Users/doankhoa/.m2/repository/org/glassfish/jaxb/jaxb-runtime/4.0.5/jaxb-runtime-4.0.5.jar:/Users/doankhoa/.m2/repository/org/glassfish/jaxb/jaxb-core/4.0.5/jaxb-core-4.0.5.jar:/Users/doankhoa/.m2/repository/org/eclipse/angus/angus-activation/2.0.2/angus-activation-2.0.2.jar:/Users/doankhoa/.m2/repository/org/glassfish/jaxb/txw2/4.0.5/txw2-4.0.5.jar:/Users/doankhoa/.m2/repository/com/sun/istack/istack-commons-runtime/4.1.2/istack-commons-runtime-4.1.2.jar:/Users/doankhoa/.m2/repository/jakarta/inject/jakarta.inject-api/2.0.1/jakarta.inject-api-2.0.1.jar:/Users/doankhoa/.m2/repository/org/antlr/antlr4-runtime/4.13.0/antlr4-runtime-4.13.0.jar:/Users/doankhoa/.m2/repository/org/springframework/data/spring-data-jpa/3.4.4/spring-data-jpa-3.4.4.jar:/Users/doankhoa/.m2/repository/org/springframework/data/spring-data-commons/3.4.4/spring-data-commons-3.4.4.jar:/Users/doankhoa/.m2/repository/org/springframework/spring-orm/6.2.5/spring-orm-6.2.5.jar:/Users/doankhoa/.m2/repository/org/springframework/spring-tx/6.2.5/spring-tx-6.2.5.jar:/Users/doankhoa/.m2/repository/org/springframework/spring-aspects/6.2.5/spring-aspects-6.2.5.jar:/Users/doankhoa/.m2/repository/org/aspectj/aspectjweaver/1.9.23/aspectjweaver-1.9.23.jar:/Users/doankhoa/.m2/repository/org/springframework/boot/spring-boot-starter-security/3.4.5/spring-boot-starter-security-3.4.5.jar:/Users/doankhoa/.m2/repository/org/springframework/spring-aop/6.2.5/spring-aop-6.2.5.jar:/Users/doankhoa/.m2/repository/org/springframework/security/spring-security-config/6.4.4/spring-security-config-6.4.4.jar:/Users/doankhoa/.m2/repository/org/springframework/security/spring-security-web/6.4.4/spring-security-web-6.4.4.jar:/Users/doankhoa/.m2/repository/org/springframework/boot/spring-boot-starter-oauth2-resource-server/3.4.5/spring-boot-starter-oauth2-resource-server-3.4.5.jar:/Users/doankhoa/.m2/repository/org/springframework/security/spring-security-core/6.4.4/spring-security-core-6.4.4.jar:/Users/doankhoa/.m2/repository/org/springframework/security/spring-security-crypto/6.4.4/spring-security-crypto-6.4.4.jar:/Users/doankhoa/.m2/repository/org/springframework/security/spring-security-oauth2-resource-server/6.4.4/spring-security-oauth2-resource-server-6.4.4.jar:/Users/doankhoa/.m2/repository/org/springframework/security/spring-security-oauth2-core/6.4.4/spring-security-oauth2-core-6.4.4.jar:/Users/doankhoa/.m2/repository/org/springframework/security/spring-security-oauth2-jose/6.4.4/spring-security-oauth2-jose-6.4.4.jar:/Users/doankhoa/.m2/repository/com/nimbusds/nimbus-jose-jwt/9.37.3/nimbus-jose-jwt-9.37.3.jar:/Users/doankhoa/.m2/repository/com/github/stephenc/jcip/jcip-annotations/1.0-1/jcip-annotations-1.0-1.jar:/Users/doankhoa/.m2/repository/org/springframework/security/spring-security-test/6.4.5/spring-security-test-6.4.5.jar:"/>
    <property name="java.vm.vendor" value="Oracle Corporation"/>
    <property name="sun.arch.data.model" value="64"/>
    <property name="java.vendor.url" value="https://java.oracle.com/"/>
    <property name="user.timezone" value="America/Chicago"/>
    <property name="org.jboss.logging.provider" value="slf4j"/>
    <property name="os.name" value="Mac OS X"/>
    <property name="java.vm.specification.version" value="24"/>
    <property name="APPLICATION_NAME" value="FrogCrew-backend"/>
    <property name="sun.java.launcher" value="SUN_STANDARD"/>
    <property name="user.country" value="US"/>
    <property name="sun.boot.library.path" value="/Users/doankhoa/Library/Java/JavaVirtualMachines/openjdk-24/Contents/Home/lib"/>
    <property name="sun.java.command" value="/Users/doankhoa/FrogCrew/backend/target/surefire/surefirebooter-20250429155706822_3.jar /Users/doankhoa/FrogCrew/backend/target/surefire 2025-04-29T15-57-06_771-jvmRun1 surefire-20250429155706822_1tmp surefire_0-20250429155706822_2tmp"/>
    <property name="http.nonProxyHosts" value="local|*.local|169.254/16|*.169.254/16"/>
    <property name="jdk.debug" value="release"/>
    <property name="surefire.test.class.path" value="/Users/doankhoa/FrogCrew/backend/target/test-classes:/Users/doankhoa/FrogCrew/backend/target/classes:/Users/doankhoa/.m2/repository/org/springframework/boot/spring-boot-starter-web/3.4.4/spring-boot-starter-web-3.4.4.jar:/Users/doankhoa/.m2/repository/org/springframework/boot/spring-boot-starter/3.4.4/spring-boot-starter-3.4.4.jar:/Users/doankhoa/.m2/repository/org/springframework/boot/spring-boot-starter-logging/3.4.4/spring-boot-starter-logging-3.4.4.jar:/Users/doankhoa/.m2/repository/ch/qos/logback/logback-classic/1.5.18/logback-classic-1.5.18.jar:/Users/doankhoa/.m2/repository/ch/qos/logback/logback-core/1.5.18/logback-core-1.5.18.jar:/Users/doankhoa/.m2/repository/org/apache/logging/log4j/log4j-to-slf4j/2.24.3/log4j-to-slf4j-2.24.3.jar:/Users/doankhoa/.m2/repository/org/apache/logging/log4j/log4j-api/2.24.3/log4j-api-2.24.3.jar:/Users/doankhoa/.m2/repository/org/slf4j/jul-to-slf4j/2.0.17/jul-to-slf4j-2.0.17.jar:/Users/doankhoa/.m2/repository/jakarta/annotation/jakarta.annotation-api/2.1.1/jakarta.annotation-api-2.1.1.jar:/Users/doankhoa/.m2/repository/org/yaml/snakeyaml/2.3/snakeyaml-2.3.jar:/Users/doankhoa/.m2/repository/org/springframework/boot/spring-boot-starter-json/3.4.4/spring-boot-starter-json-3.4.4.jar:/Users/doankhoa/.m2/repository/com/fasterxml/jackson/core/jackson-databind/2.18.3/jackson-databind-2.18.3.jar:/Users/doankhoa/.m2/repository/com/fasterxml/jackson/core/jackson-annotations/2.18.3/jackson-annotations-2.18.3.jar:/Users/doankhoa/.m2/repository/com/fasterxml/jackson/core/jackson-core/2.18.3/jackson-core-2.18.3.jar:/Users/doankhoa/.m2/repository/com/fasterxml/jackson/datatype/jackson-datatype-jdk8/2.18.3/jackson-datatype-jdk8-2.18.3.jar:/Users/doankhoa/.m2/repository/com/fasterxml/jackson/datatype/jackson-datatype-jsr310/2.18.3/jackson-datatype-jsr310-2.18.3.jar:/Users/doankhoa/.m2/repository/com/fasterxml/jackson/module/jackson-module-parameter-names/2.18.3/jackson-module-parameter-names-2.18.3.jar:/Users/doankhoa/.m2/repository/org/springframework/boot/spring-boot-starter-tomcat/3.4.4/spring-boot-starter-tomcat-3.4.4.jar:/Users/doankhoa/.m2/repository/org/apache/tomcat/embed/tomcat-embed-core/10.1.39/tomcat-embed-core-10.1.39.jar:/Users/doankhoa/.m2/repository/org/apache/tomcat/embed/tomcat-embed-websocket/10.1.39/tomcat-embed-websocket-10.1.39.jar:/Users/doankhoa/.m2/repository/org/springframework/spring-web/6.2.5/spring-web-6.2.5.jar:/Users/doankhoa/.m2/repository/org/springframework/spring-beans/6.2.5/spring-beans-6.2.5.jar:/Users/doankhoa/.m2/repository/io/micrometer/micrometer-observation/1.14.5/micrometer-observation-1.14.5.jar:/Users/doankhoa/.m2/repository/io/micrometer/micrometer-commons/1.14.5/micrometer-commons-1.14.5.jar:/Users/doankhoa/.m2/repository/org/springframework/spring-webmvc/6.2.5/spring-webmvc-6.2.5.jar:/Users/doankhoa/.m2/repository/org/springframework/spring-context/6.2.5/spring-context-6.2.5.jar:/Users/doankhoa/.m2/repository/org/springframework/spring-expression/6.2.5/spring-expression-6.2.5.jar:/Users/doankhoa/.m2/repository/org/springframework/boot/spring-boot-devtools/3.4.4/spring-boot-devtools-3.4.4.jar:/Users/doankhoa/.m2/repository/org/springframework/boot/spring-boot/3.4.4/spring-boot-3.4.4.jar:/Users/doankhoa/.m2/repository/org/springframework/boot/spring-boot-autoconfigure/3.4.4/spring-boot-autoconfigure-3.4.4.jar:/Users/doankhoa/.m2/repository/com/h2database/h2/2.3.232/h2-2.3.232.jar:/Users/doankhoa/.m2/repository/org/springframework/boot/spring-boot-starter-test/3.4.4/spring-boot-starter-test-3.4.4.jar:/Users/doankhoa/.m2/repository/org/springframework/boot/spring-boot-test/3.4.4/spring-boot-test-3.4.4.jar:/Users/doankhoa/.m2/repository/org/springframework/boot/spring-boot-test-autoconfigure/3.4.4/spring-boot-test-autoconfigure-3.4.4.jar:/Users/doankhoa/.m2/repository/com/jayway/jsonpath/json-path/2.9.0/json-path-2.9.0.jar:/Users/doankhoa/.m2/repository/org/slf4j/slf4j-api/2.0.17/slf4j-api-2.0.17.jar:/Users/doankhoa/.m2/repository/jakarta/xml/bind/jakarta.xml.bind-api/4.0.2/jakarta.xml.bind-api-4.0.2.jar:/Users/doankhoa/.m2/repository/jakarta/activation/jakarta.activation-api/2.1.3/jakarta.activation-api-2.1.3.jar:/Users/doankhoa/.m2/repository/net/minidev/json-smart/2.5.2/json-smart-2.5.2.jar:/Users/doankhoa/.m2/repository/net/minidev/accessors-smart/2.5.2/accessors-smart-2.5.2.jar:/Users/doankhoa/.m2/repository/org/ow2/asm/asm/9.7.1/asm-9.7.1.jar:/Users/doankhoa/.m2/repository/org/assertj/assertj-core/3.26.3/assertj-core-3.26.3.jar:/Users/doankhoa/.m2/repository/net/bytebuddy/byte-buddy/1.15.11/byte-buddy-1.15.11.jar:/Users/doankhoa/.m2/repository/org/awaitility/awaitility/4.2.2/awaitility-4.2.2.jar:/Users/doankhoa/.m2/repository/org/hamcrest/hamcrest/2.2/hamcrest-2.2.jar:/Users/doankhoa/.m2/repository/org/junit/jupiter/junit-jupiter/5.11.4/junit-jupiter-5.11.4.jar:/Users/doankhoa/.m2/repository/org/junit/jupiter/junit-jupiter-api/5.11.4/junit-jupiter-api-5.11.4.jar:/Users/doankhoa/.m2/repository/org/opentest4j/opentest4j/1.3.0/opentest4j-1.3.0.jar:/Users/doankhoa/.m2/repository/org/junit/platform/junit-platform-commons/1.11.4/junit-platform-commons-1.11.4.jar:/Users/doankhoa/.m2/repository/org/apiguardian/apiguardian-api/1.1.2/apiguardian-api-1.1.2.jar:/Users/doankhoa/.m2/repository/org/junit/jupiter/junit-jupiter-params/5.11.4/junit-jupiter-params-5.11.4.jar:/Users/doankhoa/.m2/repository/org/junit/jupiter/junit-jupiter-engine/5.11.4/junit-jupiter-engine-5.11.4.jar:/Users/doankhoa/.m2/repository/org/junit/platform/junit-platform-engine/1.11.4/junit-platform-engine-1.11.4.jar:/Users/doankhoa/.m2/repository/org/mockito/mockito-core/5.14.2/mockito-core-5.14.2.jar:/Users/doankhoa/.m2/repository/net/bytebuddy/byte-buddy-agent/1.15.11/byte-buddy-agent-1.15.11.jar:/Users/doankhoa/.m2/repository/org/objenesis/objenesis/3.3/objenesis-3.3.jar:/Users/doankhoa/.m2/repository/org/mockito/mockito-junit-jupiter/5.14.2/mockito-junit-jupiter-5.14.2.jar:/Users/doankhoa/.m2/repository/org/skyscreamer/jsonassert/1.5.3/jsonassert-1.5.3.jar:/Users/doankhoa/.m2/repository/com/vaadin/external/google/android-json/0.0.20131108.vaadin1/android-json-0.0.20131108.vaadin1.jar:/Users/doankhoa/.m2/repository/org/springframework/spring-core/6.2.5/spring-core-6.2.5.jar:/Users/doankhoa/.m2/repository/org/springframework/spring-jcl/6.2.5/spring-jcl-6.2.5.jar:/Users/doankhoa/.m2/repository/org/springframework/spring-test/6.2.5/spring-test-6.2.5.jar:/Users/doankhoa/.m2/repository/org/xmlunit/xmlunit-core/2.10.0/xmlunit-core-2.10.0.jar:/Users/doankhoa/.m2/repository/org/springframework/boot/spring-boot-starter-validation/3.4.4/spring-boot-starter-validation-3.4.4.jar:/Users/doankhoa/.m2/repository/org/apache/tomcat/embed/tomcat-embed-el/10.1.39/tomcat-embed-el-10.1.39.jar:/Users/doankhoa/.m2/repository/org/hibernate/validator/hibernate-validator/8.0.2.Final/hibernate-validator-8.0.2.Final.jar:/Users/doankhoa/.m2/repository/jakarta/validation/jakarta.validation-api/3.0.2/jakarta.validation-api-3.0.2.jar:/Users/doankhoa/.m2/repository/org/jboss/logging/jboss-logging/3.6.1.Final/jboss-logging-3.6.1.Final.jar:/Users/doankhoa/.m2/repository/com/fasterxml/classmate/1.7.0/classmate-1.7.0.jar:/Users/doankhoa/.m2/repository/org/springframework/boot/spring-boot-starter-data-jpa/3.4.4/spring-boot-starter-data-jpa-3.4.4.jar:/Users/doankhoa/.m2/repository/org/springframework/boot/spring-boot-starter-jdbc/3.4.4/spring-boot-starter-jdbc-3.4.4.jar:/Users/doankhoa/.m2/repository/com/zaxxer/HikariCP/5.1.0/HikariCP-5.1.0.jar:/Users/doankhoa/.m2/repository/org/springframework/spring-jdbc/6.2.5/spring-jdbc-6.2.5.jar:/Users/doankhoa/.m2/repository/org/hibernate/orm/hibernate-core/6.6.11.Final/hibernate-core-6.6.11.Final.jar:/Users/doankhoa/.m2/repository/jakarta/persistence/jakarta.persistence-api/3.1.0/jakarta.persistence-api-3.1.0.jar:/Users/doankhoa/.m2/repository/jakarta/transaction/jakarta.transaction-api/2.0.1/jakarta.transaction-api-2.0.1.jar:/Users/doankhoa/.m2/repository/org/hibernate/common/hibernate-commons-annotations/7.0.3.Final/hibernate-commons-annotations-7.0.3.Final.jar:/Users/doankhoa/.m2/repository/io/smallrye/jandex/3.2.0/jandex-3.2.0.jar:/Users/doankhoa/.m2/repository/org/glassfish/jaxb/jaxb-runtime/4.0.5/jaxb-runtime-4.0.5.jar:/Users/doankhoa/.m2/repository/org/glassfish/jaxb/jaxb-core/4.0.5/jaxb-core-4.0.5.jar:/Users/doankhoa/.m2/repository/org/eclipse/angus/angus-activation/2.0.2/angus-activation-2.0.2.jar:/Users/doankhoa/.m2/repository/org/glassfish/jaxb/txw2/4.0.5/txw2-4.0.5.jar:/Users/doankhoa/.m2/repository/com/sun/istack/istack-commons-runtime/4.1.2/istack-commons-runtime-4.1.2.jar:/Users/doankhoa/.m2/repository/jakarta/inject/jakarta.inject-api/2.0.1/jakarta.inject-api-2.0.1.jar:/Users/doankhoa/.m2/repository/org/antlr/antlr4-runtime/4.13.0/antlr4-runtime-4.13.0.jar:/Users/doankhoa/.m2/repository/org/springframework/data/spring-data-jpa/3.4.4/spring-data-jpa-3.4.4.jar:/Users/doankhoa/.m2/repository/org/springframework/data/spring-data-commons/3.4.4/spring-data-commons-3.4.4.jar:/Users/doankhoa/.m2/repository/org/springframework/spring-orm/6.2.5/spring-orm-6.2.5.jar:/Users/doankhoa/.m2/repository/org/springframework/spring-tx/6.2.5/spring-tx-6.2.5.jar:/Users/doankhoa/.m2/repository/org/springframework/spring-aspects/6.2.5/spring-aspects-6.2.5.jar:/Users/doankhoa/.m2/repository/org/aspectj/aspectjweaver/1.9.23/aspectjweaver-1.9.23.jar:/Users/doankhoa/.m2/repository/org/springframework/boot/spring-boot-starter-security/3.4.5/spring-boot-starter-security-3.4.5.jar:/Users/doankhoa/.m2/repository/org/springframework/spring-aop/6.2.5/spring-aop-6.2.5.jar:/Users/doankhoa/.m2/repository/org/springframework/security/spring-security-config/6.4.4/spring-security-config-6.4.4.jar:/Users/doankhoa/.m2/repository/org/springframework/security/spring-security-web/6.4.4/spring-security-web-6.4.4.jar:/Users/doankhoa/.m2/repository/org/springframework/boot/spring-boot-starter-oauth2-resource-server/3.4.5/spring-boot-starter-oauth2-resource-server-3.4.5.jar:/Users/doankhoa/.m2/repository/org/springframework/security/spring-security-core/6.4.4/spring-security-core-6.4.4.jar:/Users/doankhoa/.m2/repository/org/springframework/security/spring-security-crypto/6.4.4/spring-security-crypto-6.4.4.jar:/Users/doankhoa/.m2/repository/org/springframework/security/spring-security-oauth2-resource-server/6.4.4/spring-security-oauth2-resource-server-6.4.4.jar:/Users/doankhoa/.m2/repository/org/springframework/security/spring-security-oauth2-core/6.4.4/spring-security-oauth2-core-6.4.4.jar:/Users/doankhoa/.m2/repository/org/springframework/security/spring-security-oauth2-jose/6.4.4/spring-security-oauth2-jose-6.4.4.jar:/Users/doankhoa/.m2/repository/com/nimbusds/nimbus-jose-jwt/9.37.3/nimbus-jose-jwt-9.37.3.jar:/Users/doankhoa/.m2/repository/com/github/stephenc/jcip/jcip-annotations/1.0-1/jcip-annotations-1.0-1.jar:/Users/doankhoa/.m2/repository/org/springframework/security/spring-security-test/6.4.5/spring-security-test-6.4.5.jar:"/>
    <property name="sun.cpu.endian" value="little"/>
    <property name="user.home" value="/Users/doankhoa"/>
    <property name="user.language" value="en"/>
    <property name="java.specification.vendor" value="Oracle Corporation"/>
    <property name="java.version.date" value="2025-03-18"/>
    <property name="java.home" value="/Users/doankhoa/Library/Java/JavaVirtualMachines/openjdk-24/Contents/Home"/>
    <property name="file.separator" value="/"/>
    <property name="basedir" value="/Users/doankhoa/FrogCrew/backend"/>
    <property name="java.vm.compressedOopsMode" value="Zero based"/>
    <property name="line.separator" value="&#10;"/>
    <property name="java.vm.specification.vendor" value="Oracle Corporation"/>
    <property name="java.specification.name" value="Java Platform API Specification"/>
    <property name="FILE_LOG_CHARSET" value="UTF-8"/>
    <property name="java.awt.headless" value="true"/>
    <property name="apple.awt.application.name" value="ForkedBooter"/>
    <property name="surefire.real.class.path" value="/Users/doankhoa/FrogCrew/backend/target/surefire/surefirebooter-20250429155706822_3.jar"/>
    <property name="sun.management.compiler" value="HotSpot 64-Bit Tiered Compilers"/>
    <property name="ftp.nonProxyHosts" value="local|*.local|169.254/16|*.169.254/16"/>
    <property name="java.runtime.version" value="24+36-3646"/>
    <property name="user.name" value="doankhoa"/>
    <property name="stdout.encoding" value="UTF-8"/>
    <property name="path.separator" value=":"/>
    <property name="os.version" value="15.0"/>
    <property name="java.runtime.name" value="OpenJDK Runtime Environment"/>
    <property name="file.encoding" value="UTF-8"/>
    <property name="java.vm.name" value="OpenJDK 64-Bit Server VM"/>
    <property name="localRepository" value="/Users/doankhoa/.m2/repository"/>
    <property name="java.vendor.url.bug" value="https://bugreport.java.com/bugreport/"/>
    <property name="java.io.tmpdir" value="/var/folders/3m/70yym1ps3j11djzxz_3c2qxm0000gn/T/"/>
    <property name="com.zaxxer.hikari.pool_number" value="6"/>
    <property name="java.version" value="24"/>
    <property name="user.dir" value="/Users/doankhoa/FrogCrew/backend"/>
    <property name="os.arch" value="aarch64"/>
    <property name="java.vm.specification.name" value="Java Virtual Machine Specification"/>
    <property name="PID" value="678"/>
    <property name="CONSOLE_LOG_CHARSET" value="UTF-8"/>
    <property name="native.encoding" value="UTF-8"/>
    <property name="java.library.path" value="/Users/doankhoa/Library/Java/Extensions:/Library/Java/Extensions:/Network/Library/Java/Extensions:/System/Library/Java/Extensions:/usr/lib/java:."/>
    <property name="java.vm.info" value="mixed mode, sharing"/>
    <property name="stderr.encoding" value="UTF-8"/>
    <property name="java.vendor" value="Oracle Corporation"/>
    <property name="java.vm.version" value="24+36-3646"/>
    <property name="sun.io.unicode.encoding" value="UnicodeBig"/>
    <property name="socksNonProxyHosts" value="local|*.local|169.254/16|*.169.254/16"/>
    <property name="java.class.version" value="68.0"/>
    <property name="LOGGED_APPLICATION_NAME" value="[FrogCrew-backend] "/>
  </properties>
  <testcase name="testFindAllGameSchedulesSuccess" classname="edu.tcu.cs.frogcrewbackend.game.GameScheduleControllerTest" time="0.006">
    <system-out><![CDATA[2025-04-29T15:57:18.227-05:00  INFO 678 --- [FrogCrew-backend] [           main] t.c.s.AnnotationConfigContextLoaderUtils : Could not detect default configuration classes for test class [edu.tcu.cs.frogcrewbackend.game.GameScheduleControllerTest]: GameScheduleControllerTest does not declare any static, non-private, non-final, nested classes annotated with @Configuration.
2025-04-29T15:57:18.228-05:00  INFO 678 --- [FrogCrew-backend] [           main] .b.t.c.SpringBootTestContextBootstrapper : Found @SpringBootConfiguration edu.tcu.cs.frogcrewbackend.FrogCrewBackendApplication for test class edu.tcu.cs.frogcrewbackend.game.GameScheduleControllerTest
2025-04-29T15:57:18.229-05:00  INFO 678 --- [FrogCrew-backend] [           main] o.s.b.d.r.RestartApplicationListener     : Restart disabled due to context in which it is running

  .   ____          _            __ _ _
 /\\ / ___'_ __ _ _(_)_ __  __ _ \ \ \ \
( ( )\___ | '_ | '_| | '_ \/ _` | \ \ \ \
 \\/  ___)| |_)| | | | | || (_| |  ) ) ) )
  '  |____| .__|_| |_|_| |_\__, | / / / /
 =========|_|==============|___/=/_/_/_/

 :: Spring Boot ::                (v3.4.4)

2025-04-29T15:57:18.237-05:00  INFO 678 --- [FrogCrew-backend] [           main] e.t.c.f.game.GameScheduleControllerTest  : Starting GameScheduleControllerTest using Java 24 with PID 678 (started by doankhoa in /Users/doankhoa/FrogCrew/backend)
2025-04-29T15:57:18.237-05:00  INFO 678 --- [FrogCrew-backend] [           main] e.t.c.f.game.GameScheduleControllerTest  : No active profile set, falling back to 1 default profile: "default"
2025-04-29T15:57:18.290-05:00  INFO 678 --- [FrogCrew-backend] [           main] .s.d.r.c.RepositoryConfigurationDelegate : Bootstrapping Spring Data JPA repositories in DEFAULT mode.
2025-04-29T15:57:18.295-05:00  INFO 678 --- [FrogCrew-backend] [           main] .s.d.r.c.RepositoryConfigurationDelegate : Finished Spring Data repository scanning in 4 ms. Found 6 JPA repository interfaces.
2025-04-29T15:57:18.395-05:00  INFO 678 --- [FrogCrew-backend] [           main] com.zaxxer.hikari.HikariDataSource       : HikariPool-6 - Starting...
2025-04-29T15:57:18.396-05:00  INFO 678 --- [FrogCrew-backend] [           main] com.zaxxer.hikari.pool.HikariPool        : HikariPool-6 - Added connection conn50: url=jdbc:h2:mem:frogcrew user=SA
2025-04-29T15:57:18.396-05:00  INFO 678 --- [FrogCrew-backend] [           main] com.zaxxer.hikari.HikariDataSource       : HikariPool-6 - Start completed.
2025-04-29T15:57:18.397-05:00  INFO 678 --- [FrogCrew-backend] [           main] o.hibernate.jpa.internal.util.LogHelper  : HHH000204: Processing PersistenceUnitInfo [name: default]
2025-04-29T15:57:18.398-05:00  INFO 678 --- [FrogCrew-backend] [           main] o.h.c.internal.RegionFactoryInitiator    : HHH000026: Second-level cache disabled
2025-04-29T15:57:18.401-05:00  INFO 678 --- [FrogCrew-backend] [           main] o.s.o.j.p.SpringPersistenceUnitInfo      : No LoadTimeWeaver setup: ignoring JPA class transformer
2025-04-29T15:57:18.402-05:00  INFO 678 --- [FrogCrew-backend] [           main] org.hibernate.orm.connections.pooling    : HHH10001005: Database info:
	Database JDBC URL [Connecting through datasource 'HikariDataSource (HikariPool-6)']
	Database driver: undefined/unknown
	Database version: 2.3.232
	Autocommit mode: undefined/unknown
	Isolation level: undefined/unknown
	Minimum pool size: undefined/unknown
	Maximum pool size: undefined/unknown
Hibernate: create global temporary table HTE_game_schedule(rn_ integer not null, schedule_id integer, season varchar(255), sport varchar(255), primary key (rn_)) TRANSACTIONAL
Hibernate: create global temporary table HTE_crew_list(game_game_id integer, id integer, rn_ integer not null, primary key (rn_)) TRANSACTIONAL
Hibernate: create global temporary table HTE_game(crew_list_id integer, game_id integer, is_finalized boolean, rn_ integer not null, schedule_schedule_id integer, game_date varchar(255), opponent varchar(255), venue varchar(255), primary key (rn_)) TRANSACTIONAL
Hibernate: create global temporary table HTE_member(id integer, rn_ integer not null, email varchar(255), first_name varchar(255), last_name varchar(255), password varchar(255), phone_number varchar(255), positions varchar(255), role varchar(255), primary key (rn_)) TRANSACTIONAL
2025-04-29T15:57:18.443-05:00  INFO 678 --- [FrogCrew-backend] [           main] o.h.e.t.j.p.i.JtaPlatformInitiator       : HHH000489: No JTA platform available (set 'hibernate.transaction.jta.platform' to enable JTA platform integration)
Hibernate: drop table if exists availability cascade 
Hibernate: drop table if exists crewed_user cascade 
Hibernate: drop table if exists crew_list cascade 
Hibernate: drop table if exists crew_list_crewed_users cascade 
Hibernate: drop table if exists game cascade 
Hibernate: drop table if exists game_schedule cascade 
Hibernate: drop table if exists member cascade 
Hibernate: drop sequence if exists crew_list_seq
Hibernate: drop sequence if exists game_schedule_seq
Hibernate: drop sequence if exists game_seq
Hibernate: drop sequence if exists member_seq
Hibernate: create sequence crew_list_seq start with 1 increment by 50
Hibernate: create sequence game_schedule_seq start with 1 increment by 50
Hibernate: create sequence game_seq start with 1 increment by 50
Hibernate: create sequence member_seq start with 1 increment by 50
Hibernate: create table availability (availability boolean, game_id integer, user_id integer not null, comment varchar(255), primary key (user_id))
Hibernate: create table crewed_user (crewed_user_id integer not null, game_id integer not null, user_id integer unique, position varchar(255) not null, report_location varchar(255), report_time varchar(255), primary key (crewed_user_id))
Hibernate: create table crew_list (game_game_id integer unique, id integer not null, primary key (id))
Hibernate: create table crew_list_crewed_users (crew_list_id integer not null, crewed_users_crewed_user_id integer not null unique)
Hibernate: create table game (crew_list_id integer unique, game_id integer not null, is_finalized boolean not null, schedule_schedule_id integer, game_date varchar(255) not null, opponent varchar(255) not null, venue varchar(255) not null, primary key (game_id))
Hibernate: create table game_schedule (schedule_id integer not null, season varchar(255) not null, sport varchar(255) not null, primary key (schedule_id))
Hibernate: create table member (id integer not null, email varchar(255) not null, first_name varchar(255) not null, last_name varchar(255) not null, password varchar(255) not null, phone_number varchar(255) not null, positions varchar(255) not null, role varchar(255) not null, primary key (id))
Hibernate: alter table if exists crewed_user add constraint FKfu8qe0leel2smfrna6d0or06y foreign key (game_id) references game
Hibernate: alter table if exists crewed_user add constraint FKjn35mj9a26a1ko59r3j6wn03b foreign key (user_id) references member
Hibernate: alter table if exists crew_list add constraint FK5ya456w3jwyl8gpihu1bwn6hw foreign key (game_game_id) references game
Hibernate: alter table if exists crew_list_crewed_users add constraint FKbkos1fyrx42u99kfbxhhq49rk foreign key (crewed_users_crewed_user_id) references crewed_user
Hibernate: alter table if exists crew_list_crewed_users add constraint FKgwd32od0cpvqtv9ka2m35ne77 foreign key (crew_list_id) references crew_list
Hibernate: alter table if exists game add constraint FK5lsp5bodcwogqe79n42gfmox7 foreign key (crew_list_id) references crew_list
Hibernate: alter table if exists game add constraint FK9vvjv7b06j86g6h5yco9in20x foreign key (schedule_schedule_id) references game_schedule
2025-04-29T15:57:18.450-05:00  INFO 678 --- [FrogCrew-backend] [           main] j.LocalContainerEntityManagerFactoryBean : Initialized JPA EntityManagerFactory for persistence unit 'default'
2025-04-29T15:57:18.473-05:00  WARN 678 --- [FrogCrew-backend] [           main] JpaBaseConfiguration$JpaWebConfiguration : spring.jpa.open-in-view is enabled by default. Therefore, database queries may be performed during view rendering. Explicitly configure spring.jpa.open-in-view to disable this warning
2025-04-29T15:57:18.564-05:00  INFO 678 --- [FrogCrew-backend] [           main] r$InitializeUserDetailsManagerConfigurer : Global AuthenticationManager configured with UserDetailsService bean with name userService
2025-04-29T15:57:18.603-05:00  INFO 678 --- [FrogCrew-backend] [           main] o.s.b.t.m.w.SpringBootMockServletContext : Initializing Spring TestDispatcherServlet ''
2025-04-29T15:57:18.603-05:00  INFO 678 --- [FrogCrew-backend] [           main] o.s.t.web.servlet.TestDispatcherServlet  : Initializing Servlet ''
2025-04-29T15:57:18.603-05:00  INFO 678 --- [FrogCrew-backend] [           main] o.s.t.web.servlet.TestDispatcherServlet  : Completed initialization in 0 ms
2025-04-29T15:57:18.606-05:00  INFO 678 --- [FrogCrew-backend] [           main] e.t.c.f.game.GameScheduleControllerTest  : Started GameScheduleControllerTest in 0.377 seconds (process running for 11.692)
Hibernate: select next value for member_seq
Hibernate: insert into member (email,first_name,last_name,password,phone_number,positions,role,id) values (?,?,?,?,?,?,?,?)
Hibernate: select next value for member_seq
Hibernate: insert into member (email,first_name,last_name,password,phone_number,positions,role,id) values (?,?,?,?,?,?,?,?)
Hibernate: insert into member (email,first_name,last_name,password,phone_number,positions,role,id) values (?,?,?,?,?,?,?,?)
Hibernate: insert into member (email,first_name,last_name,password,phone_number,positions,role,id) values (?,?,?,?,?,?,?,?)
Hibernate: select next value for game_schedule_seq
Hibernate: select next value for game_seq
Hibernate: select next value for game_seq
Hibernate: insert into game_schedule (season,sport,schedule_id) values (?,?,?)
Hibernate: insert into game (crew_list_id,game_date,is_finalized,opponent,schedule_schedule_id,venue,game_id) values (?,?,?,?,?,?,?)
Hibernate: insert into game (crew_list_id,game_date,is_finalized,opponent,schedule_schedule_id,venue,game_id) values (?,?,?,?,?,?,?)
Hibernate: select next value for game_schedule_seq
Hibernate: insert into game_schedule (season,sport,schedule_id) values (?,?,?)
Hibernate: select g1_0.game_id,cl1_0.id,g2_0.game_id,g2_0.crew_list_id,g2_0.game_date,g2_0.is_finalized,g2_0.opponent,s1_0.schedule_id,s1_0.season,s1_0.sport,g2_0.venue,g1_0.game_date,g1_0.is_finalized,g1_0.opponent,s2_0.schedule_id,s2_0.season,s2_0.sport,g1_0.venue from game g1_0 left join crew_list cl1_0 on cl1_0.id=g1_0.crew_list_id left join game g2_0 on g2_0.game_id=cl1_0.game_game_id left join game_schedule s1_0 on s1_0.schedule_id=g2_0.schedule_schedule_id left join game_schedule s2_0 on s2_0.schedule_id=g1_0.schedule_schedule_id where g1_0.game_id=?
Hibernate: select g1_0.schedule_schedule_id,g1_0.game_id,cl1_0.id,g2_0.game_id,g2_0.crew_list_id,g2_0.game_date,g2_0.is_finalized,g2_0.opponent,g2_0.schedule_schedule_id,g2_0.venue,g1_0.game_date,g1_0.is_finalized,g1_0.opponent,g1_0.venue from game g1_0 left join crew_list cl1_0 on cl1_0.id=g1_0.crew_list_id left join game g2_0 on g2_0.game_id=cl1_0.game_game_id where g1_0.schedule_schedule_id=?
Hibernate: select g1_0.game_id,cl1_0.id,g2_0.game_id,g2_0.crew_list_id,g2_0.game_date,g2_0.is_finalized,g2_0.opponent,s1_0.schedule_id,s1_0.season,s1_0.sport,g2_0.venue,g1_0.game_date,g1_0.is_finalized,g1_0.opponent,s2_0.schedule_id,s2_0.season,s2_0.sport,g1_0.venue from game g1_0 left join crew_list cl1_0 on cl1_0.id=g1_0.crew_list_id left join game g2_0 on g2_0.game_id=cl1_0.game_game_id left join game_schedule s1_0 on s1_0.schedule_id=g2_0.schedule_schedule_id left join game_schedule s2_0 on s2_0.schedule_id=g1_0.schedule_schedule_id where g1_0.game_id=?
Hibernate: select g1_0.schedule_schedule_id,g1_0.game_id,cl1_0.id,g2_0.game_id,g2_0.crew_list_id,g2_0.game_date,g2_0.is_finalized,g2_0.opponent,g2_0.schedule_schedule_id,g2_0.venue,g1_0.game_date,g1_0.is_finalized,g1_0.opponent,g1_0.venue from game g1_0 left join crew_list cl1_0 on cl1_0.id=g1_0.crew_list_id left join game g2_0 on g2_0.game_id=cl1_0.game_game_id where g1_0.schedule_schedule_id=?
Hibernate: select cu1_0.crewed_user_id,cu1_0.game_id,g1_0.game_id,cl1_0.id,g2_0.game_id,g2_0.crew_list_id,g2_0.game_date,g2_0.is_finalized,g2_0.opponent,s1_0.schedule_id,s1_0.season,s1_0.sport,g2_0.venue,g1_0.game_date,g1_0.is_finalized,g1_0.opponent,s2_0.schedule_id,s2_0.season,s2_0.sport,g1_0.venue,cu1_0.position,cu1_0.report_location,cu1_0.report_time,u1_0.id,u1_0.email,u1_0.first_name,u1_0.last_name,u1_0.password,u1_0.phone_number,u1_0.positions,u1_0.role from crewed_user cu1_0 join game g1_0 on g1_0.game_id=cu1_0.game_id left join crew_list cl1_0 on cl1_0.id=g1_0.crew_list_id left join game g2_0 on g2_0.game_id=cl1_0.game_game_id left join game_schedule s1_0 on s1_0.schedule_id=g2_0.schedule_schedule_id left join game_schedule s2_0 on s2_0.schedule_id=g1_0.schedule_schedule_id left join member u1_0 on u1_0.id=cu1_0.user_id where cu1_0.crewed_user_id=?
Hibernate: select m1_0.id,m1_0.email,m1_0.first_name,m1_0.last_name,m1_0.password,m1_0.phone_number,m1_0.positions,m1_0.role from member m1_0 where m1_0.id=?
Hibernate: select g1_0.game_id,cl1_0.id,g2_0.game_id,g2_0.crew_list_id,g2_0.game_date,g2_0.is_finalized,g2_0.opponent,s1_0.schedule_id,s1_0.season,s1_0.sport,g2_0.venue,g1_0.game_date,g1_0.is_finalized,g1_0.opponent,s2_0.schedule_id,s2_0.season,s2_0.sport,g1_0.venue from game g1_0 left join crew_list cl1_0 on cl1_0.id=g1_0.crew_list_id left join game g2_0 on g2_0.game_id=cl1_0.game_game_id left join game_schedule s1_0 on s1_0.schedule_id=g2_0.schedule_schedule_id left join game_schedule s2_0 on s2_0.schedule_id=g1_0.schedule_schedule_id where g1_0.game_id=?
Hibernate: insert into crewed_user (game_id,position,report_location,report_time,user_id,crewed_user_id) values (?,?,?,?,?,?)
Hibernate: select cu1_0.crewed_user_id,cu1_0.game_id,g1_0.game_id,cl1_0.id,g2_0.game_id,g2_0.crew_list_id,g2_0.game_date,g2_0.is_finalized,g2_0.opponent,s1_0.schedule_id,s1_0.season,s1_0.sport,g2_0.venue,g1_0.game_date,g1_0.is_finalized,g1_0.opponent,s2_0.schedule_id,s2_0.season,s2_0.sport,g1_0.venue,cu1_0.position,cu1_0.report_location,cu1_0.report_time,u1_0.id,u1_0.email,u1_0.first_name,u1_0.last_name,u1_0.password,u1_0.phone_number,u1_0.positions,u1_0.role from crewed_user cu1_0 join game g1_0 on g1_0.game_id=cu1_0.game_id left join crew_list cl1_0 on cl1_0.id=g1_0.crew_list_id left join game g2_0 on g2_0.game_id=cl1_0.game_game_id left join game_schedule s1_0 on s1_0.schedule_id=g2_0.schedule_schedule_id left join game_schedule s2_0 on s2_0.schedule_id=g1_0.schedule_schedule_id left join member u1_0 on u1_0.id=cu1_0.user_id where cu1_0.crewed_user_id=?
Hibernate: select m1_0.id,m1_0.email,m1_0.first_name,m1_0.last_name,m1_0.password,m1_0.phone_number,m1_0.positions,m1_0.role from member m1_0 where m1_0.id=?
Hibernate: select g1_0.game_id,cl1_0.id,g2_0.game_id,g2_0.crew_list_id,g2_0.game_date,g2_0.is_finalized,g2_0.opponent,s1_0.schedule_id,s1_0.season,s1_0.sport,g2_0.venue,g1_0.game_date,g1_0.is_finalized,g1_0.opponent,s2_0.schedule_id,s2_0.season,s2_0.sport,g1_0.venue from game g1_0 left join crew_list cl1_0 on cl1_0.id=g1_0.crew_list_id left join game g2_0 on g2_0.game_id=cl1_0.game_game_id left join game_schedule s1_0 on s1_0.schedule_id=g2_0.schedule_schedule_id left join game_schedule s2_0 on s2_0.schedule_id=g1_0.schedule_schedule_id where g1_0.game_id=?
Hibernate: insert into crewed_user (game_id,position,report_location,report_time,user_id,crewed_user_id) values (?,?,?,?,?,?)
Hibernate: select next value for crew_list_seq
Hibernate: select null,cu1_0.game_id,cu1_0.position,cu1_0.report_location,cu1_0.report_time,cu1_0.user_id from crewed_user cu1_0 where cu1_0.crewed_user_id=?
Hibernate: select null,cu1_0.game_id,cu1_0.position,cu1_0.report_location,cu1_0.report_time,cu1_0.user_id from crewed_user cu1_0 where cu1_0.crewed_user_id=?
Hibernate: insert into crew_list (game_game_id,id) values (?,?)
Hibernate: insert into crew_list_crewed_users (crew_list_id,crewed_users_crewed_user_id) values (?,?)
Hibernate: insert into crew_list_crewed_users (crew_list_id,crewed_users_crewed_user_id) values (?,?)
Hibernate: select g1_0.game_id,cl1_0.id,g2_0.game_id,g2_0.crew_list_id,g2_0.game_date,g2_0.is_finalized,g2_0.opponent,s1_0.schedule_id,s1_0.season,s1_0.sport,g2_0.venue,g1_0.game_date,g1_0.is_finalized,g1_0.opponent,s2_0.schedule_id,s2_0.season,s2_0.sport,g1_0.venue from game g1_0 left join crew_list cl1_0 on cl1_0.id=g1_0.crew_list_id left join game g2_0 on g2_0.game_id=cl1_0.game_game_id left join game_schedule s1_0 on s1_0.schedule_id=g2_0.schedule_schedule_id left join game_schedule s2_0 on s2_0.schedule_id=g1_0.schedule_schedule_id where g1_0.game_id=?
Hibernate: select g1_0.schedule_schedule_id,g1_0.game_id,cl1_0.id,g2_0.game_id,g2_0.crew_list_id,g2_0.game_date,g2_0.is_finalized,g2_0.opponent,g2_0.schedule_schedule_id,g2_0.venue,g1_0.game_date,g1_0.is_finalized,g1_0.opponent,g1_0.venue from game g1_0 left join crew_list cl1_0 on cl1_0.id=g1_0.crew_list_id left join game g2_0 on g2_0.game_id=cl1_0.game_game_id where g1_0.schedule_schedule_id=?
Hibernate: select cl1_0.id,g1_0.game_id,cl2_0.id,cl2_0.game_game_id,g1_0.game_date,g1_0.is_finalized,g1_0.opponent,s1_0.schedule_id,s1_0.season,s1_0.sport,g1_0.venue from crew_list cl1_0 left join game g1_0 on g1_0.game_id=cl1_0.game_game_id left join crew_list cl2_0 on cl2_0.id=g1_0.crew_list_id left join game_schedule s1_0 on s1_0.schedule_id=g1_0.schedule_schedule_id where cl1_0.id=?
Hibernate: update game set crew_list_id=?,game_date=?,is_finalized=?,opponent=?,schedule_schedule_id=?,venue=? where game_id=?
]]></system-out>
  </testcase>
  <testcase name="testFindGamesByScheduleIdSuccess" classname="edu.tcu.cs.frogcrewbackend.game.GameScheduleControllerTest" time="0.007"/>
  <testcase name="testAddGameScheduleSuccess" classname="edu.tcu.cs.frogcrewbackend.game.GameScheduleControllerTest" time="0.029"/>
  <testcase name="testAddGameToScheduleSuccess" classname="edu.tcu.cs.frogcrewbackend.game.GameScheduleControllerTest" time="0.006"/>
</testsuite>